0 info it worked if it ends with ok
1 verbose cli [ '/usr/bin/node', '/usr/bin/npm', 'publish' ]
2 info using npm@3.5.2
3 info using node@v8.10.0
4 verbose publish [ '.' ]
5 silly cache add args [ '.', null ]
6 verbose cache add spec .
7 silly cache add parsed spec Result {
7 silly cache add   raw: '.',
7 silly cache add   scope: null,
7 silly cache add   name: null,
7 silly cache add   rawSpec: '.',
7 silly cache add   spec: '/home/hasher/nodecli/reactfilegenerator',
7 silly cache add   type: 'directory' }
8 verbose addLocalDirectory /home/hasher/.npm/reactfilegenerator/1.0.1/package.tgz not in flight; packing
9 info lifecycle reactfilegenerator@1.0.1~prepublish: reactfilegenerator@1.0.1
10 silly lifecycle reactfilegenerator@1.0.1~prepublish: no script for prepublish, continuing
11 verbose tar pack [ '/home/hasher/.npm/reactfilegenerator/1.0.1/package.tgz',
11 verbose tar pack   '/home/hasher/nodecli/reactfilegenerator' ]
12 verbose tarball /home/hasher/.npm/reactfilegenerator/1.0.1/package.tgz
13 verbose folder /home/hasher/nodecli/reactfilegenerator
14 verbose addLocalTarball adding from inside cache /home/hasher/.npm/reactfilegenerator/1.0.1/package.tgz
15 silly cache afterAdd reactfilegenerator@1.0.1
16 verbose afterAdd /home/hasher/.npm/reactfilegenerator/1.0.1/package/package.json not in flight; writing
17 verbose afterAdd /home/hasher/.npm/reactfilegenerator/1.0.1/package/package.json written
18 silly publish { name: 'reactfilegenerator',
18 silly publish   version: '1.0.1',
18 silly publish   description: 'A simple node js cli to build react js css and test file',
18 silly publish   main: 'cli.js',
18 silly publish   scripts:
18 silly publish    { test: 'echo "Error: no test specified" && exit 1',
18 silly publish      reactfilegenerator: 'node cli.js' },
18 silly publish   keywords: [ 'react', 'node', 'cli' ],
18 silly publish   author: { name: 'Raunak Agrawal' },
18 silly publish   license: 'MIT',
18 silly publish   dependencies: { commander: '^4.0.1', 'mkdir-recursive': '^0.4.0' },
18 silly publish   bin: { reactfilegenerator: './cli.js' },
18 silly publish   readme: '# reactfilegenerator\n\nA simple node js cli to build react - .jsx, .(css | scss) and .test.js file\n\n## Installation\n\n    npm install -g reactfilegenerator\n\n## Usage\n\n    reactfilegenerator comp -c Parent     /* Creates new react components \'Parent\' */\n\n## Help\n\n    reactfilegenerator --h\n\n## Code Examples\n\n### Create Components using \'comp\'\n\n**Command Line**\n\n    reactfilegenerator comp -c ComponentName\n\n**Output**\nCreates a file in the working directory (Class Based Component option available with -v C flag, Default is a functional Component):\n\n    import React, { Component } from \'react\'\n    import PropTypes from \'prop-types\'\n\n\n    class ComponentName extends Component {\n        constructor(props){\n            super(props)\n            this.state = {\n\n            }\n        }\n\n        render(){\n            return (\n                <div>\n                    <h1>ComponentName</h1>\n                </div>\n            )\n        }\n    }\n\n    ComponentName.propTypes = {\n\n    };\n\n    export default ComponentName\n\n**Additional Flags**\n\n    reactfilegenerator comp -c ComponentName -v C        /* Outputs Class Based Component Syntax */\n    reactfilegenerator comp -c ComponentName -v F        /* Outputs Functional Component Syntax */\n    reactfilegenerator comp -c ComponentName -f src      /* Specifies output folder */\n    reactfilegenerator comp -c ComponentName -s y        /* Creates matching CSS file */\n    reactfilegenerator comp -c ComponentName -p y        /* Creates matching SCSS file */\n    reactfilegenerator comp -c ComponentName -s y -t y   /* Creates a test file configured with                                                                  react-testing library */\n\nThe `-v` flag allows you to specify either Class Based or Functional Based Component syntax.\nFunctional Based is the default if no version flag is used\n\nThe `-f` flag allows you to specify the output folder to match your project architecture\n\nThe `-s` flag will create a matched CSS file with the same name as the component. The CSS file will be imported into the component file, and the `<div>` will be given a class-name of "{styles.componentName}".\nCreate React App supports CSS modules out of the box.\n\nFor example:\n\n    reactfilegenerator -c Test -f src -s Y\n\nWill create a `Test.component.jsx` component file in the `./src` directory, and a Test.module.css file in the same directory. The main `<div>` in the render function will have a `className=\'{styles.Test}\'`\n\n## Motivation\n\nI created this after getting frustrated with creating new files everytime I decide to introduce a new component.\n\nreactFileGenerator saves on repeated keystrokes, simplify project development and reduce the time required for creating a working app.\n\nBy using this command line interface I was able to think about coding rather than think about syntax.\n\nIf you have suggestions for improvements, features or note any errors or corrections, please submit an issue or fork the repo and submit a pull request.\n\n## Contributors\n\n[Raunak Agrawal](https://github.com/Raunak-Agrawal)\n\nContributions to this project are welcome and will be recognized here,\nfeel free to create an issue with suggestions for templates or command line flags to include,\nadditional functionality to speed React development.\n\nOpen an issue or fork the repo here (https://github.com/Raunak-Agrawal/reactfilegenerator)\n\n## License\n\nMIT\n',
18 silly publish   readmeFilename: 'README.md',
18 silly publish   gitHead: 'efccfcbefc3e93c2b8d80b96ab202376fa7f1ca6',
18 silly publish   _id: 'reactfilegenerator@1.0.1',
18 silly publish   _shasum: '9aa25e1bdbacd59b297429b83089d2edce7c142f',
18 silly publish   _from: '.' }
19 verbose getPublishConfig undefined
20 silly mapToRegistry name reactfilegenerator
21 silly mapToRegistry using default registry
22 silly mapToRegistry registry https://registry.npmjs.org/
23 silly mapToRegistry uri https://registry.npmjs.org/reactfilegenerator
24 verbose publish registryBase https://registry.npmjs.org/
25 silly publish uploading /home/hasher/.npm/reactfilegenerator/1.0.1/package.tgz
26 verbose request uri https://registry.npmjs.org/reactfilegenerator
27 verbose request sending authorization for write operation
28 info attempt registry request try #1 at 4:25:26 PM
29 verbose request using bearer token for auth
30 verbose request id 5ae5010e4db3055d
31 http request PUT https://registry.npmjs.org/reactfilegenerator
32 http 403 https://registry.npmjs.org/reactfilegenerator
33 verbose headers { date: 'Thu, 19 Dec 2019 10:55:27 GMT',
33 verbose headers   'content-type': 'application/json',
33 verbose headers   'transfer-encoding': 'chunked',
33 verbose headers   connection: 'keep-alive',
33 verbose headers   'set-cookie':
33 verbose headers    [ '__cfduid=ddcb854ad6a7da5f8af5e893dd24973d91576752927; expires=Sat, 18-Jan-20 10:55:27 GMT; path=/; domain=.npmjs.org; HttpOnly; SameSite=Lax' ],
33 verbose headers   'cf-ray': '5478d8230899d99c-SIN',
33 verbose headers   'cf-cache-status': 'DYNAMIC',
33 verbose headers   'expect-ct': 'max-age=604800, report-uri="https://report-uri.cloudflare.com/cdn-cgi/beacon/expect-ct"',
33 verbose headers   vary: 'Accept-Encoding',
33 verbose headers   server: 'cloudflare',
33 verbose headers   'content-encoding': 'gzip' }
34 verbose request invalidating /home/hasher/.npm/registry.npmjs.org/reactfilegenerator on PUT
35 error publish Failed PUT 403
36 verbose stack Error: You cannot publish over the previously published versions: 1.0.1. : reactfilegenerator
36 verbose stack     at makeError (/usr/share/npm/node_modules/npm-registry-client/lib/request.js:264:12)
36 verbose stack     at CachingRegistryClient.<anonymous> (/usr/share/npm/node_modules/npm-registry-client/lib/request.js:252:14)
36 verbose stack     at /usr/share/npm/node_modules/npm-registry-client/lib/request.js:178:7
36 verbose stack     at Gunzip.onEnd (zlib.js:131:5)
36 verbose stack     at emitNone (events.js:111:20)
36 verbose stack     at Gunzip.emit (events.js:208:7)
36 verbose stack     at endReadableNT (_stream_readable.js:1064:12)
36 verbose stack     at _combinedTickCallback (internal/process/next_tick.js:138:11)
36 verbose stack     at process._tickCallback (internal/process/next_tick.js:180:9)
37 verbose statusCode 403
38 verbose pkgid reactfilegenerator
39 verbose cwd /home/hasher/nodecli/reactfilegenerator
40 error Linux 5.0.0-37-generic
41 error argv "/usr/bin/node" "/usr/bin/npm" "publish"
42 error node v8.10.0
43 error npm  v3.5.2
44 error code E403
45 error You cannot publish over the previously published versions: 1.0.1. : reactfilegenerator
46 error If you need help, you may report this error at:
46 error     <https://github.com/npm/npm/issues>
47 verbose exit [ 1, true ]
